[debug] [2021-07-26T04:08:03.641Z] ----------------------------------------------------------------------
[debug] [2021-07-26T04:08:03.642Z] Command:       /usr/local/bin/firebase /Users/juancarlosacosta/.cache/firebase/tools/lib/node_modules/firebase-tools/lib/bin/firebase init hosting
[debug] [2021-07-26T04:08:03.642Z] CLI Version:   9.16.0
[debug] [2021-07-26T04:08:03.642Z] Platform:      darwin
[debug] [2021-07-26T04:08:03.642Z] Node Version:  v12.18.1
[debug] [2021-07-26T04:08:03.643Z] Time:          Sun Jul 25 2021 23:08:03 GMT-0500 (Central Daylight Time)
[debug] [2021-07-26T04:08:03.643Z] ----------------------------------------------------------------------
[debug] 
[debug] [2021-07-26T04:08:03.648Z] > command requires scopes: ["email","openid","https://www.googleapis.com/auth/cloudplatformprojects.readonly","https://www.googleapis.com/auth/firebase","https://www.googleapis.com/auth/cloud-platform"]
[debug] [2021-07-26T04:08:03.648Z] > authorizing via signed-in user (juancacosta25@gmail.com)
[info] 
     ######## #### ########  ######## ########     ###     ######  ########
     ##        ##  ##     ## ##       ##     ##  ##   ##  ##       ##
     ######    ##  ########  ######   ########  #########  ######  ######
     ##        ##  ##    ##  ##       ##     ## ##     ##       ## ##
     ##       #### ##     ## ######## ########  ##     ##  ######  ########

You're about to initialize a Firebase project in this directory:

  /Users/juancarlosacosta/Documents/Development/Web/APS-Molding

[info] 
=== Project Setup
[info] 
[info] First, let's associate this project directory with a Firebase project.
[info] You can create multiple project aliases by running firebase use --add, 
[info] but for now we'll just set up a default project.
[info] 
[debug] [2021-07-26T04:08:09.605Z] >>> [apiv2][query] GET https://firebase.googleapis.com/v1beta1/projects pageSize=100
[debug] [2021-07-26T04:08:09.987Z] <<< [apiv2][status] GET https://firebase.googleapis.com/v1beta1/projects 200
[debug] [2021-07-26T04:08:09.987Z] <<< [apiv2][body] GET https://firebase.googleapis.com/v1beta1/projects [omitted]
[info] i  Using project advantage-plastic-solutions (Advantage Plastic Solutions) 
[info] 
=== Hosting Setup
[info] 
[info] Your public directory is the folder (relative to your project directory) that
[info] will contain Hosting assets to be uploaded with firebase deploy. If you
[info] have a build process for your assets, use your build's output directory.
[info] 
[debug] [2021-07-26T04:08:46.688Z] >>> [apiv2][query] GET https://www.gstatic.com/firebasejs/releases.json [none]
[debug] [2021-07-26T04:08:46.859Z] <<< [apiv2][status] GET https://www.gstatic.com/firebasejs/releases.json 200
[debug] [2021-07-26T04:08:46.859Z] <<< [apiv2][body] GET https://www.gstatic.com/firebasejs/releases.json {"current":{"version":"8.8.0","browserURL":"https://www.gstatic.com/firebasejs/8.8.0/firebase.js","packageURL":"https://www.gstatic.com/firebasejs/8.8.0/firebase.tgz"},"live":{"version":"8.8","browserURL":"https://www.gstatic.com/firebasejs/live/8.8/firebase.js","packageURL":"https://www.gstatic.com/firebasejs/live/8.8/firebase.tgz"},"components":{"analytics":"https://www.gstatic.com/firebasejs/8.8.0/firebase-analytics.js","app":"https://www.gstatic.com/firebasejs/8.8.0/firebase-app.js","app-check":"https://www.gstatic.com/firebasejs/8.8.0/firebase-app-check.js","auth":"https://www.gstatic.com/firebasejs/8.8.0/firebase-auth.js","database":"https://www.gstatic.com/firebasejs/8.8.0/firebase-database.js","firestore":"https://www.gstatic.com/firebasejs/8.8.0/firebase-firestore.js","functions":"https://www.gstatic.com/firebasejs/8.8.0/firebase-functions.js","installations":"https://www.gstatic.com/firebasejs/8.8.0/firebase-installations.js","messaging":"https://www.gstatic.com/firebasejs/8.8.0/firebase-messaging.js","storage":"https://www.gstatic.com/firebasejs/8.8.0/firebase-storage.js","performance":"https://www.gstatic.com/firebasejs/8.8.0/firebase-performance.js","remote-config":"https://www.gstatic.com/firebasejs/8.8.0/firebase-remote-config.js","firestore.memory":"https://www.gstatic.com/firebasejs/8.8.0/firebase-firestore.memory.js"}}
[info] i  Skipping write of /index.html 
[info] 
[info] i  Detected a .git folder at /Users/juancarlosacosta/Documents/Development/Web/APS-Molding 
[info] i  Authorizing with GitHub to upload your service account to a GitHub repository's secrets store. 
[info] 
[info] Visit this URL on this device to log in:
[info] https://github.com/login/oauth/authorize?client_id=89cf50f02ac6aaed3484&state=994743448&redirect_uri=http%3A%2F%2Flocalhost%3A9005&scope=read%3Auser%20repo%20public_repo
[info] 
[info] Waiting for authentication...
[debug] [2021-07-26T04:08:50.023Z] >>> HTTP REQUEST POST https://github.com/login/oauth/access_token  
 {"client_id":"89cf50f02ac6aaed3484","client_secret":"3330d14abc895d9a74d5f17cd7a00711fa2c5bf0","code":"26768bd352145bb2020a","redirect_uri":"http://localhost:9005","state":"994743448"}
[debug] [2021-07-26T04:08:50.256Z] <<< HTTP RESPONSE 200 {"server":"GitHub.com","date":"Mon, 26 Jul 2021 04:08:50 GMT","content-type":"application/json; charset=utf-8","transfer-encoding":"chunked","vary":"X-PJAX, Accept-Encoding, Accept, X-Requested-With","permissions-policy":"interest-cohort=()","etag":"W/\"1e1c3eecf6e814d30b40fd50228d408c\"","cache-control":"max-age=0, private, must-revalidate","strict-transport-security":"max-age=31536000; includeSubdomains; preload","x-frame-options":"deny","x-content-type-options":"nosniff","x-xss-protection":"0","referrer-policy":"origin-when-cross-origin, strict-origin-when-cross-origin","expect-ct":"max-age=2592000, report-uri=\"https://api.github.com/_private/browser/errors\"","content-security-policy":"default-src 'none'; base-uri 'self'; block-all-mixed-content; connect-src 'self' uploads.github.com www.githubstatus.com collector.githubapp.com api.github.com github-cloud.s3.amazonaws.com github-production-repository-file-5c1aeb.s3.amazonaws.com github-production-upload-manifest-file-7fdce7.s3.amazonaws.com github-production-user-asset-6210df.s3.amazonaws.com cdn.optimizely.com logx.optimizely.com/v1/events translator.github.com wss://alive.github.com; font-src github.githubassets.com; form-action 'self' github.com gist.github.com; frame-ancestors 'none'; frame-src render.githubusercontent.com render-temp.githubusercontent.com viewscreen.githubusercontent.com; img-src 'self' data: github.githubassets.com identicons.github.com collector.githubapp.com github-cloud.s3.amazonaws.com secured-user-images.githubusercontent.com/ *.githubusercontent.com; manifest-src 'self'; media-src 'none'; script-src github.githubassets.com; style-src 'unsafe-inline' github.githubassets.com; worker-src github.com/socket-worker-3f088aa2.js gist.github.com/socket-worker-3f088aa2.js","x-github-request-id":"CEA0:0BF8:1A2009B:2BF53CF:60FE3552"}
[debug] [2021-07-26T04:08:50.259Z] >>> [apiv2][query] GET https://api.github.com/user [none]
[debug] [2021-07-26T04:08:50.589Z] <<< [apiv2][status] GET https://api.github.com/user 200
[debug] [2021-07-26T04:08:50.589Z] <<< [apiv2][body] GET https://api.github.com/user {"login":"jcacosta25","id":6606614,"node_id":"MDQ6VXNlcjY2MDY2MTQ=","avatar_url":"https://avatars.githubusercontent.com/u/6606614?v=4","gravatar_id":"","url":"https://api.github.com/users/jcacosta25","html_url":"https://github.com/jcacosta25","followers_url":"https://api.github.com/users/jcacosta25/followers","following_url":"https://api.github.com/users/jcacosta25/following{/other_user}","gists_url":"https://api.github.com/users/jcacosta25/gists{/gist_id}","starred_url":"https://api.github.com/users/jcacosta25/starred{/owner}{/repo}","subscriptions_url":"https://api.github.com/users/jcacosta25/subscriptions","organizations_url":"https://api.github.com/users/jcacosta25/orgs","repos_url":"https://api.github.com/users/jcacosta25/repos","events_url":"https://api.github.com/users/jcacosta25/events{/privacy}","received_events_url":"https://api.github.com/users/jcacosta25/received_events","type":"User","site_admin":false,"name":"Juan Carlos Acosta","company":"@apptegy ","blog":"","location":"Monterrey N.L.","email":null,"hireable":null,"bio":null,"twitter_username":"jcacosta25","public_repos":64,"public_gists":0,"followers":19,"following":51,"created_at":"2014-02-06T16:14:42Z","updated_at":"2021-07-25T07:16:31Z","private_gists":0,"total_private_repos":8,"owned_private_repos":8,"disk_usage":266314,"collaborators":6,"two_factor_authentication":true,"plan":{"name":"pro","space":976562499,"collaborators":0,"private_repos":9999}}
[info] 
[info] ✔  Success! Logged into GitHub as jcacosta25 
[info] 
[debug] [2021-07-26T04:09:04.533Z] >>> [apiv2][query] GET https://api.github.com/repos//actions/secrets/public-key type=owner
[debug] [2021-07-26T04:09:04.750Z] <<< [apiv2][status] GET https://api.github.com/repos//actions/secrets/public-key 404
[debug] [2021-07-26T04:09:04.750Z] <<< [apiv2][body] GET https://api.github.com/repos//actions/secrets/public-key {"message":"Not Found","documentation_url":"https://docs.github.com/rest"}
